<?xml version="1.0" encoding="UTF-8"?>
<!-- Generated by org.testng.reporters.JUnitReportReporter -->
<testsuite skipped="0" hostname="DEV_DEL_DEEPAK" name="com.weather.WeatherGetUsingCityId" tests="1" failures="0" timestamp="07 Apr 2020 07:19:59 GMT" time="2.534" errors="0">
  <testcase name="weatherReport" time="2.534" classname="com.weather.WeatherGetUsingCityId"/>
</testsuite> <!-- com.weather.WeatherGetUsingCityId -->
