<?xml version="1.0" encoding="UTF-8"?>
<!-- Generated by org.testng.reporters.JUnitReportReporter -->
<testsuite skipped="0" hostname="DEV_DEL_DEEPAK" name="com.weather.WeatherGetRequest" tests="1" failures="0" timestamp="06 Apr 2020 14:46:45 GMT" time="1.886" errors="0">
  <testcase name="test_04" time="1.886" classname="com.weather.WeatherGetRequest"/>
</testsuite> <!-- com.weather.WeatherGetRequest -->
