<?xml version="1.0" encoding="UTF-8"?>
<!-- Generated by org.testng.reporters.JUnitReportReporter -->
<testsuite skipped="0" hostname="DEV_DEL_DEEPAK" name="com.weather.MultipleValueResponse" tests="1" failures="0" timestamp="06 Apr 2020 15:10:02 GMT" time="1.908" errors="0">
  <testcase name="test_05" time="1.908" classname="com.weather.MultipleValueResponse"/>
</testsuite> <!-- com.weather.MultipleValueResponse -->
