<?xml version="1.0" encoding="UTF-8"?>
<!-- Generated by org.testng.reporters.JUnitReportReporter -->
<testsuite skipped="0" hostname="DEV_DEL_DEEPAK" name="com.weather.WeatherCompare" tests="1" failures="0" timestamp="07 Apr 2020 08:01:07 GMT" time="2.886" errors="0">
  <testcase name="weatherReport1" time="2.886" classname="com.weather.WeatherCompare"/>
</testsuite> <!-- com.weather.WeatherCompare -->
