<?xml version="1.0" encoding="UTF-8"?>
<!-- Generated by org.testng.reporters.JUnitReportReporter -->
<testsuite skipped="0" hostname="DEV_DEL_DEEPAK" name="JsonToJava" tests="1" failures="0" timestamp="02 Jun 2020 11:58:59 GMT" time="0.847" errors="0">
  <testcase name="createDatabaseConn" time="0.847" classname="JsonToJava"/>
</testsuite> <!-- JsonToJava -->
