<?xml version="1.0" encoding="UTF-8"?>
<!-- Generated by org.testng.reporters.JUnitReportReporter -->
<testsuite skipped="0" hostname="DEV_DEL_DEEPAK" name="com.LoginTest.LoginTest" tests="7" failures="0" timestamp="30 Apr 2020 13:08:31 GMT" time="28.207" errors="0">
  <testcase name="test1" time="5.799" classname="com.LoginTest.LoginTest"/>
  <testcase name="test2" time="3.373" classname="com.LoginTest.LoginTest"/>
  <testcase name="test3" time="4.105" classname="com.LoginTest.LoginTest"/>
  <testcase name="test4" time="3.727" classname="com.LoginTest.LoginTest"/>
  <testcase name="test5" time="3.557" classname="com.LoginTest.LoginTest"/>
  <testcase name="test6" time="3.969" classname="com.LoginTest.LoginTest"/>
  <testcase name="test7" time="3.677" classname="com.LoginTest.LoginTest"/>
</testsuite> <!-- com.LoginTest.LoginTest -->
