<?xml version="1.0" encoding="UTF-8"?>
<!-- Generated by org.testng.reporters.JUnitReportReporter -->
<testsuite skipped="1" hostname="DEV_DEL_DEEPAK" name="com.RegistrationOfFruitNursery.MSTCALoginPageTest" tests="1" failures="0" timestamp="04 May 2020 15:08:57 GMT" time="0.000" errors="0">
  <testcase name="MSTCALoginTest" time="0.000" classname="com.RegistrationOfFruitNursery.MSTCALoginPageTest">
    <skipped/>
  </testcase> <!-- MSTCALoginTest -->
</testsuite> <!-- com.RegistrationOfFruitNursery.MSTCALoginPageTest -->
