<?xml version="1.0" encoding="UTF-8"?>
<!-- Generated by org.testng.reporters.JUnitReportReporter -->
<testsuite skipped="1" hostname="DEV_DEL_DEEPAK" name="com.RegistrationOfFruitNursery.DDHLoginPageTest" tests="1" failures="0" timestamp="04 May 2020 15:08:57 GMT" time="0.001" errors="0">
  <testcase name="DDHLoginTest" time="0.001" classname="com.RegistrationOfFruitNursery.DDHLoginPageTest">
    <skipped/>
  </testcase> <!-- DDHLoginTest -->
</testsuite> <!-- com.RegistrationOfFruitNursery.DDHLoginPageTest -->
