<?xml version="1.0" encoding="UTF-8"?>
<!-- Generated by org.testng.reporters.JUnitReportReporter -->
<testsuite skipped="0" hostname="DEV_DEL_DEEPAK" name="com.RegistrationOfFruitNursery.FarmerLoginPageTest" tests="1" failures="0" timestamp="06 May 2020 12:28:20 GMT" time="16.552" errors="0">
  <testcase name="farmerLoginTest" time="16.552" classname="com.RegistrationOfFruitNursery.FarmerLoginPageTest"/>
</testsuite> <!-- com.RegistrationOfFruitNursery.FarmerLoginPageTest -->
