<?xml version="1.0" encoding="UTF-8"?>
<!-- Generated by org.testng.reporters.JUnitReportReporter -->
<testsuite skipped="0" hostname="DEV_DEL_DEEPAK" name="com.PracticalExamples.AlertExample" tests="2" failures="0" timestamp="22 May 2020 11:23:16 GMT" time="35.369" errors="0">
  <testcase name="testAlertText" time="18.958" classname="com.PracticalExamples.AlertExample"/>
  <testcase name="testAlert" time="16.411" classname="com.PracticalExamples.AlertExample"/>
</testsuite> <!-- com.PracticalExamples.AlertExample -->
