<?xml version="1.0" encoding="UTF-8"?>
<!-- Generated by org.testng.reporters.JUnitReportReporter -->
<testsuite skipped="0" hostname="DEV_DEL_DEEPAK" name="com.PracticalExamples.RadioButtonExample" tests="2" failures="0" timestamp="22 May 2020 09:22:59 GMT" time="34.642" errors="0">
  <testcase name="testRadioButton" time="18.051" classname="com.PracticalExamples.RadioButtonExample"/>
  <testcase name="testMultipleRadioButton" time="16.591" classname="com.PracticalExamples.RadioButtonExample"/>
</testsuite> <!-- com.PracticalExamples.RadioButtonExample -->
