<?xml version="1.0" encoding="UTF-8"?>
<!-- Generated by org.testng.reporters.JUnitReportReporter -->
<testsuite skipped="0" hostname="DEV_DEL_DEEPAK" name="com.PracticalExamples.DynamicWebTableExample" tests="2" failures="0" timestamp="26 May 2020 10:45:28 GMT" time="28.689" errors="0">
  <testcase name="testWebtable" time="15.465" classname="com.PracticalExamples.DynamicWebTableExample"/>
  <testcase name="testWebtable1" time="13.224" classname="com.PracticalExamples.DynamicWebTableExample"/>
</testsuite> <!-- com.PracticalExamples.DynamicWebTableExample -->
