<?xml version="1.0" encoding="UTF-8"?>
<!-- Generated by org.testng.reporters.JUnitReportReporter -->
<testsuite skipped="0" hostname="DEV_DEL_DEEPAK" name="com.PracticalExamples.MultipleWindowHandler" tests="1" failures="0" timestamp="22 May 2020 10:52:49 GMT" time="24.189" errors="0">
  <testcase name="testCheckBox" time="24.189" classname="com.PracticalExamples.MultipleWindowHandler"/>
</testsuite> <!-- com.PracticalExamples.MultipleWindowHandler -->
