<?xml version="1.0" encoding="UTF-8"?>
<!-- Generated by org.testng.reporters.JUnitReportReporter -->
<testsuite skipped="0" hostname="DEV_DEL_DEEPAK" name="com.PracticalExamples.SuggestionBox" tests="1" failures="0" timestamp="22 May 2020 08:06:42 GMT" time="17.411" errors="0">
  <testcase name="testRadioButton" time="17.411" classname="com.PracticalExamples.SuggestionBox"/>
</testsuite> <!-- com.PracticalExamples.SuggestionBox -->
