<?xml version="1.0" encoding="UTF-8"?>
<!-- Generated by org.testng.reporters.JUnitReportReporter -->
<testsuite skipped="0" hostname="DEV_DEL_DEEPAK" name="com.PracticalExamples.ElementNotClickable" tests="1" failures="0" timestamp="28 May 2020 07:49:05 GMT" time="14.232" errors="0">
  <testcase name="testClickable" time="14.232" classname="com.PracticalExamples.ElementNotClickable"/>
</testsuite> <!-- com.PracticalExamples.ElementNotClickable -->
