<?xml version="1.0" encoding="UTF-8"?>
<!-- Generated by org.testng.reporters.JUnitReportReporter -->
<testsuite skipped="0" hostname="DEV_DEL_DEEPAK" name="com.PracticalExamples.DropdownClass" tests="1" failures="0" timestamp="22 May 2020 08:20:57 GMT" time="19.167" errors="0">
  <testcase name="testRadioButton" time="19.167" classname="com.PracticalExamples.DropdownClass"/>
</testsuite> <!-- com.PracticalExamples.DropdownClass -->
