<?xml version="1.0" encoding="UTF-8"?>
<!-- Generated by org.testng.reporters.JUnitReportReporter -->
<testsuite skipped="0" hostname="DEV_DEL_DEEPAK" name="com.PracticalExamples.MultipleTabHandler" tests="1" failures="0" timestamp="22 May 2020 10:55:27 GMT" time="23.211" errors="0">
  <testcase name="testOpenMultipleTab" time="23.211" classname="com.PracticalExamples.MultipleTabHandler"/>
</testsuite> <!-- com.PracticalExamples.MultipleTabHandler -->
