<?xml version="1.0" encoding="UTF-8"?>
<!-- Generated by org.testng.reporters.JUnitReportReporter -->
<testsuite skipped="0" hostname="DEV_DEL_DEEPAK" name="com.PracticalExamples.CheckBoxClass" tests="1" failures="0" timestamp="22 May 2020 09:26:28 GMT" time="25.178" errors="0">
  <testcase name="testCheckBox" time="25.178" classname="com.PracticalExamples.CheckBoxClass"/>
</testsuite> <!-- com.PracticalExamples.CheckBoxClass -->
