<?xml version="1.0" encoding="UTF-8"?>
<!-- Generated by org.testng.reporters.JUnitReportReporter -->
<testsuite skipped="0" hostname="DEV_DEL_DEEPAK" name="dataDriven.excelDataProvider.excel" tests="1" failures="0" timestamp="04 Jun 2020 13:09:39 GMT" time="0.736" errors="0">
  <testcase name="getExcel" time="0.736" classname="dataDriven.excelDataProvider.excel"/>
</testsuite> <!-- dataDriven.excelDataProvider.excel -->
