<?xml version="1.0" encoding="UTF-8"?>
<!-- Generated by org.testng.reporters.JUnitReportReporter -->
<testsuite skipped="0" hostname="DEV_DEL_DEEPAK" name="com.greenkart.NumberOfItemEnteredWithPlusIconTestPage" tests="1" failures="0" timestamp="12 May 2020 12:42:57 GMT" time="18.731" errors="0">
  <testcase name="productNamesTest" time="18.731" classname="com.greenkart.NumberOfItemEnteredWithPlusIconTestPage"/>
</testsuite> <!-- com.greenkart.NumberOfItemEnteredWithPlusIconTestPage -->
