<?xml version="1.0" encoding="UTF-8"?>
<!-- Generated by org.testng.reporters.JUnitReportReporter -->
<testsuite skipped="0" hostname="DEV_DEL_DEEPAK" name="com.extentreport.ExtentReport.ExtentReportDemo" tests="1" failures="0" timestamp="06 May 2020 10:39:12 GMT" time="19.083" errors="0">
  <testcase name="intialDemo" time="19.083" classname="com.extentreport.ExtentReport.ExtentReportDemo"/>
</testsuite> <!-- com.extentreport.ExtentReport.ExtentReportDemo -->
