<?xml version="1.0" encoding="UTF-8"?>
<!-- Generated by org.testng.reporters.JUnitReportReporter -->
<testsuite skipped="0" hostname="DEV_DEL_DEEPAK" name="com.greenkart.ProductNamesListPage" tests="1" failures="0" timestamp="10 May 2020 13:09:48 GMT" time="16.715" errors="0">
  <testcase name="productNamesTest" time="16.715" classname="com.greenkart.ProductNamesListPage"/>
</testsuite> <!-- com.greenkart.ProductNamesListPage -->
