<?xml version="1.0" encoding="UTF-8"?>
<!-- Generated by org.testng.reporters.JUnitReportReporter -->
<testsuite skipped="0" hostname="DEV_DEL_DEEPAK" name="com.greenkart.CompareItemTestPage" tests="1" failures="0" timestamp="20 May 2020 06:35:12 GMT" time="15.522" errors="0">
  <testcase name="compareItemEnteredTest" time="15.522" classname="com.greenkart.CompareItemTestPage"/>
</testsuite> <!-- com.greenkart.CompareItemTestPage -->
