<?xml version="1.0" encoding="UTF-8"?>
<!-- Generated by org.testng.reporters.JUnitReportReporter -->
<testsuite skipped="0" hostname="DEV_DEL_DEEPAK" name="com.greenkart.PlaceOrderTestPage" tests="1" failures="0" timestamp="20 May 2020 06:35:12 GMT" time="31.807" errors="0">
  <testcase name="placeOrderTestPage" time="31.807" classname="com.greenkart.PlaceOrderTestPage"/>
</testsuite> <!-- com.greenkart.PlaceOrderTestPage -->
