<?xml version="1.0" encoding="UTF-8"?>
<!-- Generated by org.testng.reporters.JUnitReportReporter -->
<testsuite skipped="0" hostname="DEV_DEL_DEEPAK" name="com.extentreport.ExtentReport.Test1" tests="1" failures="0" timestamp="06 May 2020 15:50:55 GMT" time="17.753" errors="0">
  <testcase name="intialDemo" time="17.753" classname="com.extentreport.ExtentReport.Test1"/>
</testsuite> <!-- com.extentreport.ExtentReport.Test1 -->
