<?xml version="1.0" encoding="UTF-8"?>
<!-- Generated by org.testng.reporters.JUnitReportReporter -->
<testsuite skipped="0" hostname="DEV_DEL_DEEPAK" name="com.extentreport.ExtentReport.Test2" tests="1" failures="0" timestamp="06 May 2020 15:50:55 GMT" time="15.456" errors="0">
  <testcase name="googleTitleValidation" time="15.456" classname="com.extentreport.ExtentReport.Test2"/>
</testsuite> <!-- com.extentreport.ExtentReport.Test2 -->
