<?xml version="1.0" encoding="UTF-8"?>
<!-- Generated by org.testng.reporters.JUnitReportReporter -->
<testsuite skipped="0" hostname="DEV_DEL_DEEPAK" name="com.greenkart.NumberOfItemDecrementedTestPage" tests="1" failures="0" timestamp="20 May 2020 06:35:12 GMT" time="24.554" errors="0">
  <testcase name="decrementItemTest" time="24.554" classname="com.greenkart.NumberOfItemDecrementedTestPage"/>
</testsuite> <!-- com.greenkart.NumberOfItemDecrementedTestPage -->
