<?xml version="1.0" encoding="UTF-8"?>
<!-- Generated by org.testng.reporters.JUnitReportReporter -->
<testsuite skipped="0" hostname="DEV_DEL_DEEPAK" name="com.greenkart.NumberOfItemIncrementedTestPage" tests="1" failures="0" timestamp="20 May 2020 06:35:12 GMT" time="24.867" errors="0">
  <testcase name="IncrementItemTest" time="24.867" classname="com.greenkart.NumberOfItemIncrementedTestPage"/>
</testsuite> <!-- com.greenkart.NumberOfItemIncrementedTestPage -->
