<?xml version="1.0" encoding="UTF-8"?>
<!-- Generated by org.testng.reporters.JUnitReportReporter -->
<testsuite skipped="0" hostname="DEV_DEL_DEEPAK" name="com.greenkart.ProceedToCheckoutTestPage" tests="1" failures="0" timestamp="20 May 2020 06:35:12 GMT" time="30.680" errors="0">
  <testcase name="proceedToCheckoutTestPage" time="30.680" classname="com.greenkart.ProceedToCheckoutTestPage"/>
</testsuite> <!-- com.greenkart.ProceedToCheckoutTestPage -->
