<?xml version="1.0" encoding="UTF-8"?>
<!-- Generated by org.testng.reporters.JUnitReportReporter -->
<testsuite skipped="0" hostname="DEV_DEL_DEEPAK" name="com.greenkart.AddToCartTestPage" tests="1" failures="0" timestamp="20 May 2020 06:35:12 GMT" time="18.291" errors="0">
  <testcase name="addToCartTestPage" time="18.291" classname="com.greenkart.AddToCartTestPage"/>
</testsuite> <!-- com.greenkart.AddToCartTestPage -->
