<?xml version="1.0" encoding="UTF-8"?>
<!-- Generated by org.testng.reporters.JUnitReportReporter -->
<testsuite skipped="0" hostname="DEV_DEL_DEEPAK" name="com.greenkart.NumberOfItemEnteredTestPage" tests="1" failures="0" timestamp="13 May 2020 15:33:06 GMT" time="18.608" errors="0">
  <testcase name="ItemEnteredTest" time="18.608" classname="com.greenkart.NumberOfItemEnteredTestPage"/>
</testsuite> <!-- com.greenkart.NumberOfItemEnteredTestPage -->
