<?xml version="1.0" encoding="UTF-8"?>
<!-- Generated by org.testng.reporters.JUnitReportReporter -->
<testsuite skipped="0" hostname="DEV_DEL_DEEPAK" name="com.DataProvider.ParameterizeTest" tests="1" failures="0" timestamp="15 May 2020 07:37:15 GMT" time="14.083" errors="0">
  <testcase name="test1" time="14.083" classname="com.DataProvider.ParameterizeTest"/>
</testsuite> <!-- com.DataProvider.ParameterizeTest -->
