<?xml version="1.0" encoding="UTF-8"?>
<!-- Generated by org.testng.reporters.JUnitReportReporter -->
<testsuite skipped="0" hostname="DEV_DEL_DEEPAK" name="com.DataProvider.CheckDataProvider" tests="1" failures="0" timestamp="15 May 2020 07:13:14 GMT" time="15.041" errors="0">
  <testcase name="test" time="15.041" classname="com.DataProvider.CheckDataProvider"/>
</testsuite> <!-- com.DataProvider.CheckDataProvider -->
