<?xml version="1.0" encoding="UTF-8"?>
<!-- Generated by org.testng.reporters.JUnitReportReporter -->
<testsuite skipped="0" hostname="DEV_DEL_DEEPAK" name="SumValidation" tests="1" failures="0" timestamp="2 Apr 2020 06:24:14 GMT" time="1.543" errors="0">
  <testcase name="sumOfcourses" time="1.543" classname="SumValidation"/>
</testsuite> <!-- SumValidation -->
